2018/08/30 09:15:56 Can't load env file; checking system env vars
2018/08/30 09:15:56 Couldn't find BLOCKCHAIN_HOST; using default of "http://localhost"
2018/08/30 09:15:56 Couldn't find BLOCKCHAIN_PORT; using default of 5000
2018/08/30 09:15:56 Couldn't find TORRENT_PORT; using default of 8000
recalculating trans hash
2018/08/30 09:15:56 Gonna broadcast 151c4317c903fe3718eec2a3ab09336dc7ec4a9a4c84921c2298bd69a93da7b2 to blockchains
Mining a new block
recalculating trans hash
Mining...
Successfully mined block!
2018/08/30 09:15:56 Gonna broadcast 9723733d6caecae22a49bc19abc33615f56b251d67be8b6489d29a7641517421 to blockchains
Mining a new block
recalculating trans hash
Mining...
Successfully mined block!
2018/08/30 09:15:56 Gonna broadcast 498e69dc11f3d7bbfca5879272c508a4b5fde389b48eafad4030fe0464bf5cc3 to blockchains
Mining a new block
recalculating trans hash
Mining...
Successfully mined block!
2018/08/30 09:15:56 Gonna broadcast 96be03de09750f1bdec14cabc49f9c0099065563d026da756823cd47f0b376cd to blockchains
Mining a new block
recalculating trans hash
Mining...
Successfully mined block!
2018/08/30 09:15:56 Gonna broadcast e4ad3a413ee1ebdaa71f9f838aa96cbaf4785b7da4e6c38f9fc989c038e8549b to blockchains
Mining a new block
recalculating trans hash
Mining...
Successfully mined block!
2018/08/30 09:15:56 Gonna broadcast 7eb8469b7da2455753faf3f5132374c97069781d5c69085a340579586d0990c1 to blockchains
Mining a new block
recalculating trans hash
Mining...
Successfully mined block!
2018/08/30 09:15:56 Gonna broadcast 573c22927337bc852a57cd752dadc7ab35c3641957993a96876762745a0ab647 to blockchains
Mining a new block
recalculating trans hash
Mining...
Successfully mined block!
2018/08/30 09:15:56 Gonna broadcast e26b2615885b7e9907ffa8a6ab8d6a3b006d71b75fc7922a7553e98fe259521f to blockchains
Mining a new block
recalculating trans hash
Mining...
Successfully mined block!
2018/08/30 09:15:56 Gonna broadcast 36c9727db5f161394ee3e58f6959965a0c21287c3b5383fcb9fece2264b98b57 to blockchains
Mining a new block
recalculating trans hash
Mining...
Successfully mined block!
2018/08/30 09:15:56 Gonna broadcast ae9f34301326755872de672033b3ff210ff1c531791e0ed760904e40fbe61960 to blockchains
Mining a new block
recalculating trans hash
Mining...
Successfully mined block!
2018/08/30 09:15:56 Gonna broadcast 27bb55a55614c3a8ac122fabfa8e3cf3cf81cf98b5e94b9de9ff705cf06a9e19 to blockchains
Mining a new block
recalculating trans hash
Mining...
Successfully mined block!
2018/08/30 09:15:56 Gonna broadcast d69a1c5af1a4155b44c9df722ee135c0040dc8c30fdf515633c3a0bf355fb083 to blockchains
Mining a new block
recalculating trans hash
Mining...
Successfully mined block!
2018/08/30 09:15:56 Gonna broadcast 0f670e4cb62c1ef981fb5795dab4fe216f6c8334093d73b02d9673e14707c75a to blockchains
Mining a new block
recalculating trans hash
2018/08/30 09:15:56 Gonna broadcast c41adddfe8b7f46d5cd3e32c06c4722c4f16b0e9606f7e6c0a5495b319068a6a to blockchains
Mining...
Adding transaction to mining block
Added transaction to mining block
2018/08/30 09:15:56 Gonna broadcast 0898208fce0c5a70687b80c5936c7c255f369cff18a1ad386bbf0a7143b1089d to blockchains
Adding transaction to mining block
Added transaction to mining block
Successfully mined block!
2018/08/30 09:15:56 Gonna broadcast 2d40a286cb7af32bd08f2d33ee31cb9371ec30144a43976b7fe334f49940c8a3 to blockchains
Mining a new block
recalculating trans hash
Mining...
Successfully mined block!
2018/08/30 09:15:56 Gonna broadcast 28ff08955b55c64466b22f9f92a6972814926ba1d4f443f19a656094e5d601a1 to blockchains
Mining a new block
recalculating trans hash
Mining...
Successfully mined block!
2018/08/30 09:15:56 Gonna broadcast 7ed02ab8ca3ec4874acb717d1d4aa1993ce68ee047c3737ff308701ea762c9ea to blockchains
Mining a new block
recalculating trans hash
Mining...
Successfully mined block!
2018/08/30 09:15:56 Gonna broadcast 1cbdc51c254c9161838cb05ed2d29ba90360b8569b66fa979eabd24702d83d32 to blockchains
Mining a new block
recalculating trans hash
Mining...
Successfully mined block!
2018/08/30 09:15:56 Gonna broadcast 52ddd3cbc1769ab8af6bec8b1a2f3334b28d2dd8bf0e034e28f69d059b8c5a0f to blockchains
Mining a new block
recalculating trans hash
Mining...
Successfully mined block!
2018/08/30 09:15:56 Gonna broadcast fb4735c71c86189e851a3d96ab92ee59ebe9c936b6eb897547ad0ac170c42d5d to blockchains
Mining a new block
recalculating trans hash
Mining...
Successfully mined block!
2018/08/30 09:15:56 Gonna broadcast 01eb9aeee17619d299d0d59095266f3171ba478186a5b900cc2db1183d05e249 to blockchains
Mining a new block
recalculating trans hash
Mining...
Successfully mined block!
2018/08/30 09:15:56 Gonna broadcast 37aca0eb02adda2ebbdba05e30e4ab8030d74e15f8c0705a69d715a723c00e3b to blockchains
Mining a new block
recalculating trans hash
Mining...
Successfully mined block!
2018/08/30 09:15:56 Gonna broadcast 18850e447f0b701ea0ea1e286a259c3c37911a3a9a74de29ff9e295491156921 to blockchains
Mining a new block
recalculating trans hash
Mining...
Successfully mined block!
2018/08/30 09:15:56 Gonna broadcast 5dda7cebe761f9e1bbd5f62d012f89fb1e7ee359a5d34c316b2870a6cfbdb39d to blockchains
Mining a new block
recalculating trans hash
Mining...
Successfully mined block!
2018/08/30 09:15:56 Gonna broadcast 1d78962bf0bd89ad0655916da368a9457433da31ce82d175d093857c252f9b6d to blockchains
Mining a new block
recalculating trans hash
Mining...
Successfully mined block!
2018/08/30 09:15:56 Gonna broadcast 2d893e70cfceb13fa8871bcae5f691beae200290e74cc013683565d882d1d620 to blockchains
Mining a new block
recalculating trans hash
2018/08/30 09:15:56 Gonna broadcast 92fb5492258d42050c891f155c090a571549641931545a9ee07d0ec42ef3d934 to blockchains
Mining...
Adding transaction to mining block
Added transaction to mining block
2018/08/30 09:15:56 Gonna broadcast 0436c1b753699ba2a563cb83962f78fb57fc155b4352355ce988c9c4039d9ac9 to blockchains
Adding transaction to mining block
Added transaction to mining block
Successfully mined block!
2018/08/30 09:15:56 Gonna broadcast 098187ae2a4da7f35eb00d16f85af29be1b975894837839030913f13798f744a to blockchains
Mining a new block
recalculating trans hash
Mining...
Successfully mined block!
2018/08/30 09:15:56 Gonna broadcast f176325a531f7b0fdc7782df51bada10827001cde263f9e1162c76787db2122f to blockchains
Mining a new block
recalculating trans hash
Mining...
Successfully mined block!
2018/08/30 09:15:56 Gonna broadcast af18d2155c5ae30251fa91ab37f52d607854ab8d879b0855fc10acda324cef24 to blockchains
Mining a new block
recalculating trans hash
Mining...
Successfully mined block!
2018/08/30 09:15:56 Gonna broadcast 8d103530d419335111df6ba45c6545bfb09f4f6dd961ad9f80108fe4221ad60c to blockchains
Mining a new block
recalculating trans hash
Mining...
Successfully mined block!
2018/08/30 09:15:56 Gonna broadcast 44811b4ebd86bebc1e9d7749bd9f785656a536bd89c28ee520029368fc1e9c24 to blockchains
Mining a new block
recalculating trans hash
Mining...
Successfully mined block!
2018/08/30 09:15:56 Gonna broadcast b9465f1f2263ec0e3a6c32296edc4965866793074488f5244bcdba752946959f to blockchains
Mining a new block
recalculating trans hash
Mining...
Successfully mined block!
2018/08/30 09:15:56 Gonna broadcast 6369dbde7449caae54ec085cc18e462b69df23215dd3aeaec21a3776bf6b9a24 to blockchains
Mining a new block
recalculating trans hash
Mining...
Successfully mined block!
2018/08/30 09:15:56 Gonna broadcast ebe2d37dd0b290a5915eba1abd454f65727e93b54127a1dfd4aca0216089c9cd to blockchains
Mining a new block
recalculating trans hash
Mining...
Successfully mined block!
2018/08/30 09:15:56 Gonna broadcast 0e4db3277a3945110f3d8fe214d9868f0857d746009d0c227e500745dc003fa9 to blockchains
Mining a new block
recalculating trans hash
Mining...
Successfully mined block!
2018/08/30 09:15:56 Gonna broadcast f322722aeba9eb3dc2c0d773451fa8ca3c73eebf77cfe8377f1285c23de0c069 to blockchains
Mining a new block
recalculating trans hash
Mining...
Successfully mined block!
2018/08/30 09:15:56 Gonna broadcast 244e1c71ab1c718340345946657c244a095c3719df79068f6f2a6342e60944b5 to blockchains
Mining a new block
recalculating trans hash
Mining...
Successfully mined block!
2018/08/30 09:15:56 Gonna broadcast 88d85f19a24472b4a9e5ed771a08fccc6a78d20d810aee8fbb847ebcfdb220e7 to blockchains
Mining a new block
recalculating trans hash
2018/08/30 09:15:56 Gonna broadcast 1527b17a63eec64c43e9fea3325520e20e7bc28bc528cf3886f7d1edbb1a2353 to blockchains
Mining...
Adding transaction to mining block
Added transaction to mining block
2018/08/30 09:15:56 Starting blockchain server on port 5000
2018/08/30 09:15:56 listen tcp :5000: bind: address already in use
INFO: Accepting connections at http://localhost:3000

INFO: Gracefully shutting down. Please wait...
INFO: Accepting connections at http://localhost:3000
INFO: Accepting connections at http://localhost:3000
INFO: Accepting connections at http://localhost:3000
INFO: Accepting connections at http://localhost:3000
INFO: Accepting connections at http://localhost:3000

INFO: Gracefully shutting down. Please wait...
INFO: Accepting connections at http://localhost:3000
